<?xml version="1.0" encoding="UTF-8"?>
<!-- Generated by org.testng.reporters.JUnitReportReporter -->
<testsuite hostname="DESKTOP-VU5DHEC" failures="0" tests="1" name="tests.ContactUsTest" time="2.441" errors="0" timestamp="10 Oct 2023 16:31:26 GMT" skipped="0">
  <testcase classname="tests.ContactUsTest" name="UserCanContactUs" time="2.441"/>
</testsuite> <!-- tests.ContactUsTest -->
