<?xml version="1.0" encoding="UTF-8"?>
<!-- Generated by org.testng.reporters.JUnitReportReporter -->
<testsuite hostname="DESKTOP-VU5DHEC" failures="0" tests="1" name="tests.ProductHoverMenuTest" time="1.032" errors="0" timestamp="10 Oct 2023 16:31:26 GMT" skipped="0">
  <testcase classname="tests.ProductHoverMenuTest" name="UserCanSelectSubCategoryFromMainMenu" time="1.032"/>
</testsuite> <!-- tests.ProductHoverMenuTest -->
