<?xml version="1.0" encoding="UTF-8"?>
<!-- Generated by org.testng.reporters.JUnitReportReporter -->
<testsuite hostname="DESKTOP-VU5DHEC" failures="0" tests="2" name="tests.UserLoginTest" time="0.000" errors="0" timestamp="14 Oct 2023 22:39:16 GMT" skipped="2">
  <testcase classname="tests.UserLoginTest" name="userCanLoginSuccessfully" time="0.000">
    <skipped/>
  </testcase> <!-- userCanLoginSuccessfully -->
  <testcase classname="tests.UserLoginTest" name="userCanLogoutSuccessfully" time="0.000">
    <skipped/>
  </testcase> <!-- userCanLogoutSuccessfully -->
</testsuite> <!-- tests.UserLoginTest -->
