<?xml version="1.0" encoding="UTF-8"?>
<!-- Generated by org.testng.reporters.JUnitReportReporter -->
<testsuite hostname="DESKTOP-VU5DHEC" failures="0" tests="1" name="tests.ProductHoverMenuTest" time="0.000" errors="0" timestamp="14 Oct 2023 22:39:16 GMT" skipped="1">
  <testcase classname="tests.ProductHoverMenuTest" name="UserCanSelectSubCategoryFromMainMenu" time="0.000">
    <skipped/>
  </testcase> <!-- UserCanSelectSubCategoryFromMainMenu -->
</testsuite> <!-- tests.ProductHoverMenuTest -->
