<?xml version="1.0" encoding="UTF-8"?>
<!-- Generated by org.testng.reporters.JUnitReportReporter -->
<testsuite hostname="DESKTOP-VU5DHEC" failures="0" tests="1" name="tests.SearchProductTest" time="0.000" errors="0" timestamp="14 Oct 2023 22:39:16 GMT" skipped="1">
  <testcase classname="tests.SearchProductTest" name="UserCanSearchForProducts" time="0.000">
    <skipped/>
  </testcase> <!-- UserCanSearchForProducts -->
</testsuite> <!-- tests.SearchProductTest -->
